2020-08-31 12:23:36,992 [Worker-6: Loading available Gradle versions] INFO  o.e.b.c.i.u.g.PublishedGradleVersions - Gradle version information cache is up-to-date. Trying to read.
2020-08-31 12:24:22,253 [Worker-5: Importing Maven projects] INFO  o.e.m.c.i.l.LifecycleMappingFactory - Using org.eclipse.m2e.jdt.JarLifecycleMapping lifecycle mapping for MavenProject: com.respostaquest:questao:0.0.1-SNAPSHOT @ C:\Users\caioc\Desktop\questao (1)\questao\pom.xml.
2020-08-31 12:24:23,218 [Worker-5: Importing Maven projects] INFO  o.e.m.j.i.AbstractJavaProjectConfigurator - Adding source folder /questao/src/main/java
2020-08-31 12:24:23,219 [Worker-5: Importing Maven projects] INFO  o.e.m.j.i.AbstractJavaProjectConfigurator - Adding resource folder /questao/src/main/resources
2020-08-31 12:24:23,234 [Worker-5: Importing Maven projects] INFO  o.e.m.j.i.AbstractJavaProjectConfigurator - Adding resource folder /questao/src/main/resources
2020-08-31 12:24:23,245 [Worker-5: Importing Maven projects] INFO  o.e.m.j.i.AbstractJavaProjectConfigurator - Adding source folder /questao/src/test/java
2020-08-31 12:24:24,621 [Worker-5: Importing Maven projects] INFO  o.e.m.c.i.p.ProjectConfigurationManager - Imported and configured 1 project(s) in 3 sec
2020-08-31 12:24:25,738 [Worker-18: Building] INFO  o.e.m.c.i.embedder.EclipseLogger - Using 'UTF-8' encoding to copy filtered resources.
2020-08-31 12:24:25,744 [Worker-18: Building] INFO  o.e.m.c.i.embedder.EclipseLogger - Copying 1 resource
2020-08-31 12:24:25,757 [Worker-18: Building] INFO  o.e.m.c.i.embedder.EclipseLogger - Copying 0 resource
2020-08-31 12:24:25,760 [Worker-18: Building] INFO  o.e.m.c.i.embedder.EclipseLogger - Using 'UTF-8' encoding to copy filtered resources.
2020-08-31 12:24:25,761 [Worker-18: Building] INFO  o.e.m.c.i.embedder.EclipseLogger - skip non existing resourceDirectory C:\Users\caioc\Desktop\questao (1)\questao\src\test\resources
2020-08-31 12:30:44,396 [Worker-4: Building] INFO  o.e.m.c.i.embedder.EclipseLogger - Using 'UTF-8' encoding to copy filtered resources.
2020-08-31 12:30:44,400 [Worker-4: Building] INFO  o.e.m.c.i.embedder.EclipseLogger - Copying 1 resource
2020-08-31 12:30:44,403 [Worker-4: Building] INFO  o.e.m.c.i.embedder.EclipseLogger - Copying 0 resource
2020-08-31 12:30:44,407 [Worker-4: Building] INFO  o.e.m.c.i.embedder.EclipseLogger - Using 'UTF-8' encoding to copy filtered resources.
2020-08-31 12:30:44,407 [Worker-4: Building] INFO  o.e.m.c.i.embedder.EclipseLogger - skip non existing resourceDirectory C:\Users\caioc\Desktop\questao (1)\questao\src\test\resources
2020-08-31 12:41:23,065 [Worker-26: Launching QuestaoApplication] INFO  o.e.m.c.i.embedder.EclipseLogger - Using 'UTF-8' encoding to copy filtered resources.
2020-08-31 12:41:23,066 [Worker-26: Launching QuestaoApplication] INFO  o.e.m.c.i.embedder.EclipseLogger - Copying 1 resource
2020-08-31 12:41:23,069 [Worker-26: Launching QuestaoApplication] INFO  o.e.m.c.i.embedder.EclipseLogger - Copying 0 resource
2020-08-31 12:41:23,071 [Worker-26: Launching QuestaoApplication] INFO  o.e.m.c.i.embedder.EclipseLogger - Using 'UTF-8' encoding to copy filtered resources.
2020-08-31 12:41:23,071 [Worker-26: Launching QuestaoApplication] INFO  o.e.m.c.i.embedder.EclipseLogger - skip non existing resourceDirectory C:\Users\caioc\Desktop\questao (1)\questao\src\test\resources
2020-08-31 12:42:18,829 [Worker-0: Launching QuestaoApplication] INFO  o.e.m.c.i.embedder.EclipseLogger - Using 'UTF-8' encoding to copy filtered resources.
2020-08-31 12:42:18,830 [Worker-0: Launching QuestaoApplication] INFO  o.e.m.c.i.embedder.EclipseLogger - Copying 1 resource
2020-08-31 12:42:18,832 [Worker-0: Launching QuestaoApplication] INFO  o.e.m.c.i.embedder.EclipseLogger - Copying 0 resource
2020-08-31 12:42:18,835 [Worker-0: Launching QuestaoApplication] INFO  o.e.m.c.i.embedder.EclipseLogger - Using 'UTF-8' encoding to copy filtered resources.
2020-08-31 12:42:18,835 [Worker-0: Launching QuestaoApplication] INFO  o.e.m.c.i.embedder.EclipseLogger - skip non existing resourceDirectory C:\Users\caioc\Desktop\questao (1)\questao\src\test\resources
2020-08-31 12:45:12,291 [Worker-28: Launching QuestaoApplication] INFO  o.e.m.c.i.embedder.EclipseLogger - Using 'UTF-8' encoding to copy filtered resources.
2020-08-31 12:45:12,293 [Worker-28: Launching QuestaoApplication] INFO  o.e.m.c.i.embedder.EclipseLogger - Copying 1 resource
2020-08-31 12:45:12,295 [Worker-28: Launching QuestaoApplication] INFO  o.e.m.c.i.embedder.EclipseLogger - Copying 0 resource
2020-08-31 12:45:12,297 [Worker-28: Launching QuestaoApplication] INFO  o.e.m.c.i.embedder.EclipseLogger - Using 'UTF-8' encoding to copy filtered resources.
2020-08-31 12:45:12,297 [Worker-28: Launching QuestaoApplication] INFO  o.e.m.c.i.embedder.EclipseLogger - skip non existing resourceDirectory C:\Users\caioc\Desktop\questao (1)\questao\src\test\resources
2020-08-31 12:46:17,287 [Worker-30: Launching QuestaoApplication] INFO  o.e.m.c.i.embedder.EclipseLogger - Using 'UTF-8' encoding to copy filtered resources.
2020-08-31 12:46:17,288 [Worker-30: Launching QuestaoApplication] INFO  o.e.m.c.i.embedder.EclipseLogger - Copying 1 resource
2020-08-31 12:46:17,290 [Worker-30: Launching QuestaoApplication] INFO  o.e.m.c.i.embedder.EclipseLogger - Copying 0 resource
2020-08-31 12:46:17,293 [Worker-30: Launching QuestaoApplication] INFO  o.e.m.c.i.embedder.EclipseLogger - Using 'UTF-8' encoding to copy filtered resources.
2020-08-31 12:46:17,293 [Worker-30: Launching QuestaoApplication] INFO  o.e.m.c.i.embedder.EclipseLogger - skip non existing resourceDirectory C:\Users\caioc\Desktop\questao (1)\questao\src\test\resources
